
screen.o：     文件格式 elf64-x86-64


Disassembly of section .text:

0000000000000000 <draw_rect>:
   0:	55                   	push   %rbp
   1:	48 89 e5             	mov    %rsp,%rbp
   4:	48 83 ec 30          	sub    $0x30,%rsp
   8:	89 7d ec             	mov    %edi,-0x14(%rbp)
   b:	89 75 e8             	mov    %esi,-0x18(%rbp)
   e:	89 55 e4             	mov    %edx,-0x1c(%rbp)
  11:	89 4d e0             	mov    %ecx,-0x20(%rbp)
  14:	44 89 45 dc          	mov    %r8d,-0x24(%rbp)
  18:	c7 45 f4 00 00 0a 00 	movl   $0xa0000,-0xc(%rbp)
  1f:	c7 45 f0 40 01 00 00 	movl   $0x140,-0x10(%rbp)
  26:	8b 45 e4             	mov    -0x1c(%rbp),%eax
  29:	89 45 fc             	mov    %eax,-0x4(%rbp)
  2c:	eb 35                	jmp    63 <draw_rect+0x63>
  2e:	8b 45 e8             	mov    -0x18(%rbp),%eax
  31:	89 45 f8             	mov    %eax,-0x8(%rbp)
  34:	eb 21                	jmp    57 <draw_rect+0x57>
  36:	8b 55 f4             	mov    -0xc(%rbp),%edx
  39:	8b 45 f8             	mov    -0x8(%rbp),%eax
  3c:	01 c2                	add    %eax,%edx
  3e:	8b 45 fc             	mov    -0x4(%rbp),%eax
  41:	0f af 45 f0          	imul   -0x10(%rbp),%eax
  45:	01 c2                	add    %eax,%edx
  47:	8b 45 ec             	mov    -0x14(%rbp),%eax
  4a:	89 c6                	mov    %eax,%esi
  4c:	89 d7                	mov    %edx,%edi
  4e:	e8 00 00 00 00       	callq  53 <draw_rect+0x53>
  53:	83 45 f8 01          	addl   $0x1,-0x8(%rbp)
  57:	8b 45 f8             	mov    -0x8(%rbp),%eax
  5a:	3b 45 e0             	cmp    -0x20(%rbp),%eax
  5d:	7e d7                	jle    36 <draw_rect+0x36>
  5f:	83 45 fc 01          	addl   $0x1,-0x4(%rbp)
  63:	8b 45 fc             	mov    -0x4(%rbp),%eax
  66:	3b 45 dc             	cmp    -0x24(%rbp),%eax
  69:	7e c3                	jle    2e <draw_rect+0x2e>
  6b:	90                   	nop
  6c:	c9                   	leaveq 
  6d:	c3                   	retq   

000000000000006e <draw_string>:
  6e:	55                   	push   %rbp
  6f:	48 89 e5             	mov    %rsp,%rbp
  72:	48 83 ec 20          	sub    $0x20,%rsp
  76:	48 89 7d f8          	mov    %rdi,-0x8(%rbp)
  7a:	89 75 f4             	mov    %esi,-0xc(%rbp)
  7d:	89 55 f0             	mov    %edx,-0x10(%rbp)
  80:	89 4d ec             	mov    %ecx,-0x14(%rbp)
  83:	eb 23                	jmp    a8 <draw_string+0x3a>
  85:	48 8b 45 f8          	mov    -0x8(%rbp),%rax
  89:	0f b6 00             	movzbl (%rax),%eax
  8c:	0f be c8             	movsbl %al,%ecx
  8f:	8b 55 f0             	mov    -0x10(%rbp),%edx
  92:	8b 75 f4             	mov    -0xc(%rbp),%esi
  95:	8b 45 ec             	mov    -0x14(%rbp),%eax
  98:	89 c7                	mov    %eax,%edi
  9a:	e8 00 00 00 00       	callq  9f <draw_string+0x31>
  9f:	83 45 f4 08          	addl   $0x8,-0xc(%rbp)
  a3:	48 83 45 f8 01       	addq   $0x1,-0x8(%rbp)
  a8:	48 8b 45 f8          	mov    -0x8(%rbp),%rax
  ac:	0f b6 00             	movzbl (%rax),%eax
  af:	84 c0                	test   %al,%al
  b1:	75 d2                	jne    85 <draw_string+0x17>
  b3:	90                   	nop
  b4:	c9                   	leaveq 
  b5:	c3                   	retq   

00000000000000b6 <draw_font>:
  b6:	55                   	push   %rbp
  b7:	48 89 e5             	mov    %rsp,%rbp
  ba:	48 83 ec 20          	sub    $0x20,%rsp
  be:	89 7d ec             	mov    %edi,-0x14(%rbp)
  c1:	89 75 e8             	mov    %esi,-0x18(%rbp)
  c4:	89 55 e4             	mov    %edx,-0x1c(%rbp)
  c7:	89 c8                	mov    %ecx,%eax
  c9:	88 45 e0             	mov    %al,-0x20(%rbp)
  cc:	c7 45 fc 00 00 00 00 	movl   $0x0,-0x4(%rbp)
  d3:	eb 78                	jmp    14d <draw_font+0x97>
  d5:	c7 45 f8 00 00 00 00 	movl   $0x0,-0x8(%rbp)
  dc:	eb 65                	jmp    143 <draw_font+0x8d>
  
  de:	0f be 45 e0          	movsbl -0x20(%rbp),%eax
  e2:	8b 55 fc             	mov    -0x4(%rbp),%edx
  e5:	8d 0c d5 00 00 00 00 	lea    0x0(,%rdx,8),%ecx
  ec:	8b 55 f8             	mov    -0x8(%rbp),%edx
  ef:	01 ca                	add    %ecx,%edx
  f1:	48 63 ca             	movslq %edx,%rcx
  f4:	48 63 d0             	movslq %eax,%rdx
  f7:	48 89 d0             	mov    %rdx,%rax
  fa:	48 c1 e0 07          	shl    $0x7,%rax
  fe:	48 01 d0             	add    %rdx,%rax
 101:	48 01 c8             	add    %rcx,%rax
 104:	48 05 00 00 00 00    	add    $0x0,%rax
 10a:	0f b6 00             	movzbl (%rax),%eax
 10d:	3c 2a                	cmp    $0x2a,%al
 10f:	75 2e                	jne    13f <draw_font+0x89>

 111:	8b 55 e8             	mov    -0x18(%rbp),%edx
 114:	8b 45 fc             	mov    -0x4(%rbp),%eax
 117:	01 c2                	add    %eax,%edx
 119:	89 d0                	mov    %edx,%eax
 11b:	c1 e0 02             	shl    $0x2,%eax
 11e:	01 d0                	add    %edx,%eax
 120:	c1 e0 06             	shl    $0x6,%eax
 123:	8d 90 00 00 0a 00    	lea    0xa0000(%rax),%edx
 129:	8b 45 ec             	mov    -0x14(%rbp),%eax
 12c:	01 c2                	add    %eax,%edx
 12e:	8b 45 f8             	mov    -0x8(%rbp),%eax
 131:	01 c2                	add    %eax,%edx
 133:	8b 45 e4             	mov    -0x1c(%rbp),%eax
 136:	89 c6                	mov    %eax,%esi
 138:	89 d7                	mov    %edx,%edi
 13a:	e8 00 00 00 00       	callq  13f <draw_font+0x89>
 13f:	83 45 f8 01          	addl   $0x1,-0x8(%rbp)
 143:	83 7d f8 07          	cmpl   $0x7,-0x8(%rbp)
 147:	7e 95                	jle    de <draw_font+0x28>
 149:	83 45 fc 01          	addl   $0x1,-0x4(%rbp)
 14d:	83 7d fc 0f          	cmpl   $0xf,-0x4(%rbp)
 151:	7e 82                	jle    d5 <draw_font+0x1f>
 153:	90                   	nop
 154:	c9                   	leaveq 
 155:	c3                   	retq   

0000000000000156 <init_palette>:
 156:	55                   	push   %rbp
 157:	48 89 e5             	mov    %rsp,%rbp
 15a:	ba 00 00 00 00       	mov    $0x0,%edx
 15f:	be 0f 00 00 00       	mov    $0xf,%esi
 164:	bf 00 00 00 00       	mov    $0x0,%edi
 169:	e8 00 00 00 00       	callq  16e <init_palette+0x18>
 16e:	90                   	nop
 16f:	5d                   	pop    %rbp
 170:	c3                   	retq   

0000000000000171 <set_palette>:
 171:	55                   	push   %rbp
 172:	48 89 e5             	mov    %rsp,%rbp
 175:	48 83 ec 20          	sub    $0x20,%rsp
 179:	89 7d ec             	mov    %edi,-0x14(%rbp)
 17c:	89 75 e8             	mov    %esi,-0x18(%rbp)
 17f:	48 89 55 e0          	mov    %rdx,-0x20(%rbp)
 183:	b8 00 00 00 00       	mov    $0x0,%eax
 188:	e8 00 00 00 00       	callq  18d <set_palette+0x1c>
 18d:	89 45 f8             	mov    %eax,-0x8(%rbp)
 190:	b8 00 00 00 00       	mov    $0x0,%eax
 195:	e8 00 00 00 00       	callq  19a <set_palette+0x29>
 19a:	8b 45 ec             	mov    -0x14(%rbp),%eax
 19d:	89 c6                	mov    %eax,%esi
 19f:	bf c8 03 00 00       	mov    $0x3c8,%edi
 1a4:	e8 00 00 00 00       	callq  1a9 <set_palette+0x38>
 1a9:	8b 45 ec             	mov    -0x14(%rbp),%eax
 1ac:	89 45 fc             	mov    %eax,-0x4(%rbp)
 1af:	eb 5c                	jmp    20d <set_palette+0x9c>
 1b1:	48 8b 45 e0          	mov    -0x20(%rbp),%rax
 1b5:	0f b6 00             	movzbl (%rax),%eax
 1b8:	c0 e8 04             	shr    $0x4,%al
 1bb:	0f b6 c0             	movzbl %al,%eax
 1be:	89 c6                	mov    %eax,%esi
 1c0:	bf c9 03 00 00       	mov    $0x3c9,%edi
 1c5:	e8 00 00 00 00       	callq  1ca <set_palette+0x59>
 1ca:	48 8b 45 e0          	mov    -0x20(%rbp),%rax
 1ce:	48 83 c0 01          	add    $0x1,%rax
 1d2:	0f b6 00             	movzbl (%rax),%eax
 1d5:	c0 e8 04             	shr    $0x4,%al
 1d8:	0f b6 c0             	movzbl %al,%eax
 1db:	89 c6                	mov    %eax,%esi
 1dd:	bf c9 03 00 00       	mov    $0x3c9,%edi
 1e2:	e8 00 00 00 00       	callq  1e7 <set_palette+0x76>
 1e7:	48 8b 45 e0          	mov    -0x20(%rbp),%rax
 1eb:	48 83 c0 02          	add    $0x2,%rax
 1ef:	0f b6 00             	movzbl (%rax),%eax
 1f2:	c0 e8 04             	shr    $0x4,%al
 1f5:	0f b6 c0             	movzbl %al,%eax
 1f8:	89 c6                	mov    %eax,%esi
 1fa:	bf c9 03 00 00       	mov    $0x3c9,%edi
 1ff:	e8 00 00 00 00       	callq  204 <set_palette+0x93>
 204:	48 83 45 e0 03       	addq   $0x3,-0x20(%rbp)
 209:	83 45 fc 01          	addl   $0x1,-0x4(%rbp)
 20d:	8b 45 fc             	mov    -0x4(%rbp),%eax
 210:	3b 45 e8             	cmp    -0x18(%rbp),%eax
 213:	7e 9c                	jle    1b1 <set_palette+0x40>
 215:	8b 45 f8             	mov    -0x8(%rbp),%eax
 218:	89 c7                	mov    %eax,%edi
 21a:	e8 00 00 00 00       	callq  21f <set_palette+0xae>
 21f:	90                   	nop
 220:	c9                   	leaveq 
 221:	c3                   	retq   
